<?xml version="1.0" encoding="utf-8"?>
<CatapultTargetOutput
  GeneratedTarget="/Output/pwelsh/PDF/eSellerateUsersGuide.pdf"
  BuildVersion="8.1.2.0">
  <Files>
    <Url
      Source="Output/pwelsh/Temporary/PDF/PDF_1ABAD487/Resources/Images/DR_interim_esellerate_2c.jpg" />
    <Url
      Source="Output/pwelsh/Temporary/PDF/PDF_1ABAD487/Resources/Images/quick_sku.jpg" />
    <Url
      Source="Output/pwelsh/Temporary/PDF/PDF_1ABAD487/Resources/Images/quick_eseller.jpg" />
    <Url
      Source="Output/pwelsh/Temporary/PDF/PDF_1ABAD487/Resources/Images/quick_select_sku.jpg" />
    <Url
      Source="Output/pwelsh/Temporary/PDF/PDF_1ABAD487/Resources/Images/quick_eseller_summary.jpg" />
    <Url
      Source="Output/pwelsh/Temporary/PDF/PDF_1ABAD487/Resources/Images/quick_store.jpg" />
    <Url
      Source="Output/pwelsh/Temporary/PDF/PDF_1ABAD487/Resources/Images/quick_added_to_cart.jpg" />
    <Url
      Source="Output/pwelsh/Temporary/PDF/PDF_1ABAD487/Resources/Images/quick_cart_final.jpg" />
    <Url
      Source="Output/pwelsh/Temporary/PDF/PDF_1ABAD487/Resources/Images/quick_confirm.jpg" />
    <Url
      Source="Output/pwelsh/Temporary/PDF/PDF_1ABAD487/Resources/Images/quick_receipt.jpg" />
    <Url
      Source="Output/pwelsh/Temporary/PDF/PDF_1ABAD487/Resources/Images/quick_sku_settings.jpg" />
    <Url
      Source="Output/pwelsh/Temporary/PDF/PDF_1ABAD487/Resources/Images/quick_sku_settings2.jpg" />
    <Url
      Source="Output/pwelsh/Temporary/PDF/PDF_1ABAD487/Resources/Images/quick_eseller_settings.jpg" />
    <Url
      Source="Output/pwelsh/Temporary/PDF/PDF_1ABAD487/Resources/Images/quick_select_layout.jpg" />
    <Url
      Source="Output/pwelsh/Temporary/PDF/PDF_1ABAD487/Resources/Images/quick_name_layout.jpg" />
    <Url
      Source="Output/pwelsh/Temporary/PDF/PDF_1ABAD487/Resources/Images/quick_show_images.jpg" />
    <Url
      Source="Output/pwelsh/Temporary/PDF/PDF_1ABAD487/Resources/Images/quick_upload.jpg" />
    <Url
      Source="Output/pwelsh/Temporary/PDF/PDF_1ABAD487/Resources/Images/quick_inspection.jpg" />
    <Url
      Source="Output/pwelsh/Temporary/PDF/PDF_1ABAD487/Resources/Images/using_home.jpg" />
    <Url
      Source="Output/pwelsh/Temporary/PDF/PDF_1ABAD487/Resources/TableStyles/Rows.css" />
    <Url
      Source="Output/pwelsh/Temporary/PDF/PDF_1ABAD487/Resources/Images/sku_detail.jpg" />
    <Url
      Source="Output/pwelsh/Temporary/PDF/PDF_1ABAD487/Resources/Images/sku_advanced.jpg" />
    <Url
      Source="Output/pwelsh/Temporary/PDF/PDF_1ABAD487/Resources/Images/sku_splitpay.jpg" />
    <Url
      Source="Output/pwelsh/Temporary/PDF/PDF_1ABAD487/Resources/Images/sku_bundle.jpg" />
    <Url
      Source="Output/pwelsh/Temporary/PDF/PDF_1ABAD487/Resources/Images/sku_bundle2.jpg" />
    <Url
      Source="Output/pwelsh/Temporary/PDF/PDF_1ABAD487/Resources/Images/sku_renewal.jpg" />
    <Url
      Source="Output/pwelsh/Temporary/PDF/PDF_1ABAD487/Resources/Images/sku_usage.jpg" />
    <Url
      Source="Output/pwelsh/Temporary/PDF/PDF_1ABAD487/Resources/Images/sku_pricing.jpg" />
    <Url
      Source="Output/pwelsh/Temporary/PDF/PDF_1ABAD487/Resources/Images/sku_volume.jpg" />
    <Url
      Source="Output/pwelsh/Temporary/PDF/PDF_1ABAD487/Resources/Images/sku_cross.jpg" />
    <Url
      Source="Output/pwelsh/Temporary/PDF/PDF_1ABAD487/Resources/Images/sku_coupon.jpg" />
    <Url
      Source="Output/pwelsh/Temporary/PDF/PDF_1ABAD487/Resources/Images/sku_upsell.jpg" />
    <Url
      Source="Output/pwelsh/Temporary/PDF/PDF_1ABAD487/Resources/Images/sku_pref.jpg" />
    <Url
      Source="Output/pwelsh/Temporary/PDF/PDF_1ABAD487/Resources/Images/sku_serial.jpg" />
    <Url
      Source="Output/pwelsh/Temporary/PDF/PDF_1ABAD487/Resources/Images/ready_standard.jpg" />
    <Url
      Source="Output/pwelsh/Temporary/PDF/PDF_1ABAD487/Resources/Images/StandardSerialGraphic.jpg" />
    <Url
      Source="Output/pwelsh/Temporary/PDF/PDF_1ABAD487/Resources/Images/ready_enhanced.jpg" />
    <Url
      Source="Output/pwelsh/Temporary/PDF/PDF_1ABAD487/Resources/Images/StandardEnhanced.jpg" />
    <Url
      Source="Output/pwelsh/Temporary/PDF/PDF_1ABAD487/Resources/Images/ready_enhanced_2.jpg" />
    <Url
      Source="Output/pwelsh/Temporary/PDF/PDF_1ABAD487/Resources/Images/ready_esell_arm.jpg" />
    <Url
      Source="Output/pwelsh/Temporary/PDF/PDF_1ABAD487/Resources/Images/ready_armadillo.jpg" />
    <Url
      Source="Output/pwelsh/Temporary/PDF/PDF_1ABAD487/Resources/Images/ready_rpn.jpg" />
    <Url
      Source="Output/pwelsh/Temporary/PDF/PDF_1ABAD487/Resources/Images/custom_custom.jpg" />
    <Url
      Source="Output/pwelsh/Temporary/PDF/PDF_1ABAD487/Resources/Images/external_pre.jpg" />
    <Url
      Source="Output/pwelsh/Temporary/PDF/PDF_1ABAD487/Resources/Images/external_pub.jpg" />
    <Url
      Source="Output/pwelsh/Temporary/PDF/PDF_1ABAD487/Resources/Images/extermal_remote.jpg" />
    <Url
      Source="Output/pwelsh/Temporary/PDF/PDF_1ABAD487/Resources/Images/external_app.jpg" />
    <Url
      Source="Output/pwelsh/Temporary/PDF/PDF_1ABAD487/Resources/Images/sku_serial_gen.jpg" />
    <Url
      Source="Output/pwelsh/Temporary/PDF/PDF_1ABAD487/Resources/Images/sku_serial_gen_bulk.jpg" />
    <Url
      Source="Output/pwelsh/Temporary/PDF/PDF_1ABAD487/Resources/Images/sku_prod_act.jpg" />
    <Url
      Source="Output/pwelsh/Temporary/PDF/PDF_1ABAD487/Resources/Images/ManualActivate01.JPG" />
    <Url
      Source="Output/pwelsh/Temporary/PDF/PDF_1ABAD487/Resources/Images/ManualActivate03.JPG" />
    <Url
      Source="Output/pwelsh/Temporary/PDF/PDF_1ABAD487/Resources/Images/ManualActivate04.JPG" />
    <Url
      Source="Output/pwelsh/Temporary/PDF/PDF_1ABAD487/Resources/Images/ManualActivate05.JPG" />
    <Url
      Source="Output/pwelsh/Temporary/PDF/PDF_1ABAD487/Resources/Images/ManualActivate06.JPG" />
    <Url
      Source="Output/pwelsh/Temporary/PDF/PDF_1ABAD487/Resources/Images/ManualActivate08.JPG" />
    <Url
      Source="Output/pwelsh/Temporary/PDF/PDF_1ABAD487/Resources/Images/ManualActivate07.JPG" />
    <Url
      Source="Output/pwelsh/Temporary/PDF/PDF_1ABAD487/Resources/Images/order_orders.jpg" />
    <Url
      Source="Output/pwelsh/Temporary/PDF/PDF_1ABAD487/Resources/Images/order_detail.jpg" />
    <Url
      Source="Output/pwelsh/Temporary/PDF/PDF_1ABAD487/Resources/Images/order_act_details.jpg" />
    <Url
      Source="Output/pwelsh/Temporary/PDF/PDF_1ABAD487/Resources/Images/order_sub_events.jpg" />
    <Url
      Source="Output/pwelsh/Temporary/PDF/PDF_1ABAD487/Resources/Images/order_fulfillment.jpg" />
    <Url
      Source="Output/pwelsh/Temporary/PDF/PDF_1ABAD487/Resources/Images/order_unfulfilled.jpg" />
    <Url
      Source="Output/pwelsh/Temporary/PDF/PDF_1ABAD487/Resources/Images/order_returns.jpg" />
    <Url
      Source="Output/pwelsh/Temporary/PDF/PDF_1ABAD487/Resources/Images/order_to_return.jpg" />
    <Url
      Source="Output/pwelsh/Temporary/PDF/PDF_1ABAD487/Resources/Images/order_return_types_all.jpg" />
    <Url
      Source="Output/pwelsh/Temporary/PDF/PDF_1ABAD487/Resources/Images/order_voids.jpg" />
    <Url
      Source="Output/pwelsh/Temporary/PDF/PDF_1ABAD487/Resources/Images/order_notice.jpg" />
    <Url
      Source="Output/pwelsh/Temporary/PDF/PDF_1ABAD487/Resources/Images/order_notice_errors.jpg" />
    <Url
      Source="Output/pwelsh/Temporary/PDF/PDF_1ABAD487/Resources/Images/reference_download.jpg" />
    <Url
      Source="Output/pwelsh/Temporary/PDF/PDF_1ABAD487/Resources/Images/reference_shipping.jpg" />
    <Url
      Source="Output/pwelsh/Temporary/PDF/PDF_1ABAD487/Resources/Images/reference_sample_ship.jpg" />
    <Url
      Source="Output/pwelsh/Temporary/PDF/PDF_1ABAD487/Resources/Images/reference_country.jpg" />
    <Url
      Source="Output/pwelsh/Temporary/PDF/PDF_1ABAD487/Resources/Images/reference_category.jpg" />
    <Url
      Source="Output/pwelsh/Temporary/PDF/PDF_1ABAD487/Resources/Images/account_contact.jpg" />
    <Url
      Source="Output/pwelsh/Temporary/PDF/PDF_1ABAD487/Resources/Images/account_receipt.jpg" />
    <Url
      Source="Output/pwelsh/Temporary/PDF/PDF_1ABAD487/Resources/Images/account_terms.jpg" />
    <Url
      Source="Output/pwelsh/Temporary/PDF/PDF_1ABAD487/Resources/Images/account_policies.jpg" />
    <Url
      Source="Output/pwelsh/Temporary/PDF/PDF_1ABAD487/Resources/Images/account_return.jpg" />
    <Url
      Source="Output/pwelsh/Temporary/PDF/PDF_1ABAD487/Resources/Images/report_customer.jpg" />
    <Url
      Source="Output/pwelsh/Temporary/PDF/PDF_1ABAD487/Resources/Images/report_sku_date.jpg" />
    <Url
      Source="Output/pwelsh/Temporary/PDF/PDF_1ABAD487/Resources/Images/report_sku_currency.jpg" />
    <Url
      Source="Output/pwelsh/Temporary/PDF/PDF_1ABAD487/Resources/Images/report_sku_country.jpg" />
    <Url
      Source="Output/pwelsh/Temporary/PDF/PDF_1ABAD487/Resources/Images/report_sku_summary.jpg" />
    <Url
      Source="Output/pwelsh/Temporary/PDF/PDF_1ABAD487/Resources/Images/report_subscription_summary.jpg" />
    <Url
      Source="Output/pwelsh/Temporary/PDF/PDF_1ABAD487/Resources/Images/report_transaction.jpg" />
    <Url
      Source="Output/pwelsh/Temporary/PDF/PDF_1ABAD487/Resources/Images/report_orders_payment.jpg" />
    <Url
      Source="Output/pwelsh/Temporary/PDF/PDF_1ABAD487/Resources/Images/report_daily_summary.jpg" />
    <Url
      Source="Output/pwelsh/Temporary/PDF/PDF_1ABAD487/Resources/Images/report_splitpay_transaction.jpg" />
    <Url
      Source="Output/pwelsh/Temporary/PDF/PDF_1ABAD487/Resources/Images/report_crosssell_primary.jpg" />
    <Url
      Source="Output/pwelsh/Temporary/PDF/PDF_1ABAD487/Resources/Images/report_crosssell_group.jpg" />
    <Url
      Source="Output/pwelsh/Temporary/PDF/PDF_1ABAD487/Resources/Images/report_upsell_primary.jpg" />
    <Url
      Source="Output/pwelsh/Temporary/PDF/PDF_1ABAD487/Resources/Images/report_upsell_group.jpg" />
    <Url
      Source="Output/pwelsh/Temporary/PDF/PDF_1ABAD487/Resources/Images/report_basic_affiliate.jpg" />
    <Url
      Source="Output/pwelsh/Temporary/PDF/PDF_1ABAD487/Resources/Images/report_esell_affiliate.jpg" />
    <Url
      Source="Output/pwelsh/Temporary/PDF/PDF_1ABAD487/Resources/Images/report_affiliate_listing.jpg" />
    <Url
      Source="Output/pwelsh/Temporary/PDF/PDF_1ABAD487/Resources/Images/report_hosted_est.jpg" />
    <Url
      Source="Output/pwelsh/Temporary/PDF/PDF_1ABAD487/Resources/Images/report_bandwidth.jpg" />
    <Url
      Source="Output/pwelsh/Temporary/PDF/PDF_1ABAD487/Resources/Images/report_int_eseller_check.jpg" />
    <Url
      Source="Output/pwelsh/Temporary/PDF/PDF_1ABAD487/Resources/Images/report_emb_eseller_check.jpg" />
    <Url
      Source="Output/pwelsh/Temporary/PDF/PDF_1ABAD487/Resources/Images/report_sku_redirect.jpg" />
    <Url
      Source="Output/pwelsh/Temporary/PDF/PDF_1ABAD487/Resources/Images/report_serial.jpg" />
    <Url
      Source="Output/pwelsh/Temporary/PDF/PDF_1ABAD487/Resources/Images/report_serial_act.jpg" />
    <Url
      Source="Output/pwelsh/Temporary/PDF/PDF_1ABAD487/Resources/Images/report_act_history.jpg" />
    <Url
      Source="Output/pwelsh/Temporary/PDF/PDF_1ABAD487/Resources/Images/report_act_failure.jpg" />
    <Url
      Source="Output/pwelsh/Temporary/PDF/PDF_1ABAD487/Resources/Images/report_coupon.jpg" />
    <Url
      Source="Output/pwelsh/Temporary/PDF/PDF_1ABAD487/Resources/Images/report_login.jpg" />
    <Url
      Source="Output/pwelsh/Temporary/PDF/PDF_1ABAD487/Resources/Images/report_pricing_currency.jpg" />
    <Url
      Source="Output/pwelsh/Temporary/PDF/PDF_1ABAD487/Resources/Images/report_volume_currency.jpg" />
    <Url
      Source="Output/pwelsh/Temporary/PDF/PDF_1ABAD487/Resources/Images/report_cross_currency.jpg" />
    <Url
      Source="Output/pwelsh/Temporary/PDF/PDF_1ABAD487/Resources/Images/report_coupon_currency.jpg" />
    <Url
      Source="Output/pwelsh/Temporary/PDF/PDF_1ABAD487/Resources/Images/report_up_currency.jpg" />
    <Url
      Source="Output/pwelsh/Temporary/PDF/PDF_1ABAD487/Resources/Images/report_calendar_int.jpg" />
    <Url
      Source="Output/pwelsh/Temporary/PDF/PDF_1ABAD487/Resources/Images/advanced_subscription.jpg" />
    <Url
      Source="Output/pwelsh/Temporary/PDF/PDF_1ABAD487/Resources/Images/advanced_terms.jpg" />
    <Url
      Source="Output/pwelsh/Temporary/PDF/PDF_1ABAD487/Resources/Images/advanced_emails.jpg" />
    <Url
      Source="Output/pwelsh/Temporary/PDF/PDF_1ABAD487/Resources/Images/advanced_usage.jpg" />
    <Url
      Source="Output/pwelsh/Temporary/PDF/PDF_1ABAD487/Resources/Images/subs1.png" />
    <Url
      Source="Output/pwelsh/Temporary/PDF/PDF_1ABAD487/Resources/Images/subs2.png" />
    <Url
      Source="Output/pwelsh/Temporary/PDF/PDF_1ABAD487/Resources/Images/subs3.png" />
    <Url
      Source="Output/pwelsh/Temporary/PDF/PDF_1ABAD487/Resources/Images/subs4.png" />
    <Url
      Source="Output/pwelsh/Temporary/PDF/PDF_1ABAD487/Resources/Images/subs5.png" />
    <Url
      Source="Output/pwelsh/Temporary/PDF/PDF_1ABAD487/Resources/Images/subs6.png" />
    <Url
      Source="Output/pwelsh/Temporary/PDF/PDF_1ABAD487/Resources/Images/APSChgQty.jpg" />
    <Url
      Source="Output/pwelsh/Temporary/PDF/PDF_1ABAD487/Resources/Images/advanced_ecdimgdet.jpg" />
    <Url
      Source="Output/pwelsh/Temporary/PDF/PDF_1ABAD487/Resources/Images/advanced_ecdlayoutdet.jpg" />
    <Url
      Source="Output/pwelsh/Temporary/PDF/PDF_1ABAD487/Resources/Images/advanced_upsell.jpg" />
    <Url
      Source="Output/pwelsh/Temporary/PDF/PDF_1ABAD487/Resources/Images/advanced_upsell_sku.jpg" />
    <Url
      Source="Output/pwelsh/Temporary/PDF/PDF_1ABAD487/Resources/Images/advanced_crosssell.jpg" />
    <Url
      Source="Output/pwelsh/Temporary/PDF/PDF_1ABAD487/Resources/Images/advanced_crosssell_skus.jpg" />
    <Url
      Source="Output/pwelsh/Temporary/PDF/PDF_1ABAD487/Resources/Images/advanced_crosssell_detail.jpg" />
    <Url
      Source="Output/pwelsh/Temporary/PDF/PDF_1ABAD487/Resources/Images/advanced_coupons.jpg" />
    <Url
      Source="Output/pwelsh/Temporary/PDF/PDF_1ABAD487/Resources/Images/Advanced_volume_example.png" />
    <Url
      Source="Output/pwelsh/Temporary/PDF/PDF_1ABAD487/Resources/Images/Advanced_volume_discount_ex.png" />
    <Url
      Source="Output/pwelsh/Temporary/PDF/PDF_1ABAD487/Resources/Images/advanced_volume.jpg" />
    <Url
      Source="Output/pwelsh/Temporary/PDF/PDF_1ABAD487/Resources/Images/affiliates_contact.jpg" />
    <Url
      Source="Output/pwelsh/Temporary/PDF/PDF_1ABAD487/Resources/Images/affiliates_available.jpg" />
    <Url
      Source="Output/pwelsh/Temporary/PDF/PDF_1ABAD487/Resources/Images/affiliates_available_detail.jpg" />
    <Url
      Source="Output/pwelsh/Temporary/PDF/PDF_1ABAD487/Resources/Images/other_basic.jpg" />
    <Url
      Source="Output/pwelsh/Temporary/PDF/PDF_1ABAD487/Resources/Images/other_splitpay.jpg" />
    <Url
      Source="Output/pwelsh/Temporary/PDF/PDF_1ABAD487/Resources/Images/other_splitpay_detail.jpg" />
    <Url
      Source="Output/pwelsh/Temporary/PDF/PDF_1ABAD487/Resources/Images/layouts_settings.jpg" />
    <Url
      Source="Output/pwelsh/Temporary/PDF/PDF_1ABAD487/Resources/Images/layouts_files.jpg" />
    <Url
      Source="Output/pwelsh/Temporary/PDF/PDF_1ABAD487/Resources/Images/Lang_store_level.png" />
    <Url
      Source="Output/pwelsh/Temporary/PDF/PDF_1ABAD487/Resources/Images/layouts_settings_land.jpg" />
    <Url
      Source="Output/pwelsh/Temporary/PDF/PDF_1ABAD487/Resources/Images/layouts_files_land.jpg" />
    <Url
      Source="Output/pwelsh/Temporary/PDF/PDF_1ABAD487/Resources/Images/user_company.jpg" />
    <Url
      Source="Output/pwelsh/Temporary/PDF/PDF_1ABAD487/Resources/Images/user_users.jpg" />
    <Url
      Source="Output/pwelsh/Temporary/PDF/PDF_1ABAD487/Resources/Images/user_detail.jpg" />
    <Url
      Source="Output/pwelsh/Temporary/PDF/PDF_1ABAD487/Resources/Images/user_reset.jpg" />
    <Url
      Source="Output/pwelsh/Temporary/PDF/PDF_1ABAD487/Resources/Images/user_profile.jpg" />
    <Url
      Source="Output/pwelsh/Temporary/PDF/PDF_1ABAD487/Resources/Images/ews_detail.jpg" />
    <Url
      Source="Output/pwelsh/Temporary/PDF/PDF_1ABAD487/Resources/Images/ews_sku.jpg" />
    <Url
      Source="Output/pwelsh/Temporary/PDF/PDF_1ABAD487/Resources/TableStyles/Illustration_Table.css" />
    <Url
      Source="Output/pwelsh/Temporary/PDF/PDF_1ABAD487/Resources/Images/update_graphic_01.jpg" />
    <Url
      Source="Output/pwelsh/Temporary/PDF/PDF_1ABAD487/Resources/Images/update_graphic_02.jpg" />
    <Url
      Source="Output/pwelsh/Temporary/PDF/PDF_1ABAD487/Resources/Images/update_graphic_03.jpg" />
    <Url
      Source="Output/pwelsh/Temporary/PDF/PDF_1ABAD487/Resources/Images/integrated_detail.jpg" />
    <Url
      Source="Output/pwelsh/Temporary/PDF/PDF_1ABAD487/Resources/Images/integrated_summary.jpg" />
    <Url
      Source="Output/pwelsh/Temporary/PDF/PDF_1ABAD487/Resources/Images/integrated_attributes.jpg" />
    <Url
      Source="Output/pwelsh/Temporary/PDF/PDF_1ABAD487/Resources/Images/integrated_wizard.jpg" />
    <Url
      Source="Output/pwelsh/Temporary/PDF/PDF_1ABAD487/Resources/Images/ill5_7.jpg" />
    <Url
      Source="Output/pwelsh/Temporary/PDF/PDF_1ABAD487/Resources/Images/ill5_8.jpg" />
    <Url
      Source="Output/pwelsh/Temporary/PDF/PDF_1ABAD487/Resources/Images/ill5_9.jpg" />
    <Url
      Source="Output/pwelsh/Temporary/PDF/PDF_1ABAD487/Resources/Images/web_detail.jpg" />
    <Url
      Source="Output/pwelsh/Temporary/PDF/PDF_1ABAD487/Resources/Images/web_layout_2.jpg" />
    <Url
      Source="Output/pwelsh/Temporary/PDF/PDF_1ABAD487/Resources/Images/web_sku.jpg" />
    <Url
      Source="Output/pwelsh/Temporary/PDF/PDF_1ABAD487/Resources/Images/web_links.jpg" />
    <Url
      Source="Output/pwelsh/Temporary/PDF/PDF_1ABAD487/Resources/Images/web_eseller_detail.jpg" />
    <Url
      Source="Output/pwelsh/Temporary/PDF/PDF_1ABAD487/Resources/Images/1_18.jpg" />
    <Url
      Source="Output/pwelsh/Temporary/PDF/PDF_1ABAD487/Resources/Images/1_19.jpg" />
    <Url
      Source="Output/pwelsh/Temporary/PDF/PDF_1ABAD487/Resources/Images/lexicon_edits.png" />
    <Url
      Source="Output/pwelsh/Temporary/PDF/PDF_1ABAD487/Resources/Images/ClickingTranslateData.png" />
    <Url
      Source="Output/pwelsh/Temporary/PDF/PDF_1ABAD487/Resources/Images/translations_edit.png" />
    <Url
      Source="Output/pwelsh/Temporary/PDF/PDF_1ABAD487/Resources/Images/CodeBlock1.png" />
    <Url
      Source="Output/pwelsh/Temporary/PDF/PDF_1ABAD487/Resources/Images/CodeBlock2.png" />
    <Url
      Source="Output/pwelsh/PDF/eSellerateUsersGuide.pdf" />
  </Files>
  <Skins />
</CatapultTargetOutput>