<?xml version="1.0" encoding="utf-8"?>
<CatapultTargetOutput
  GeneratedTarget="/Output/pwelsh/HTML5/ApplicationHelp.htm"
  BuildVersion="8.1.2.0"
  AliasFile="/Output/pwelsh/HTML5/Data/Alias.xml">
  <Files>
    <Url
      Source="Output/pwelsh/HTML5/Content/Resources/Stylesheets/StylesHTML5.css" />
    <Url
      Source="Output/pwelsh/HTML5/Data/Glossary.xml" />
    <Url
      Source="Output/pwelsh/HTML5/Content/Extras/DiscFace_DR_template_PNG.zip" />
    <Url
      Source="Output/pwelsh/HTML5/Content/Extras/DiscFace_DR_template_PSD.zip" />
    <Url
      Source="Output/pwelsh/HTML5/Content/Extras/Disc_Face_Guidelines.pdf" />
    <Url
      Source="Output/pwelsh/HTML5/Content/Extras/DVDCover_DR_template_PNG.zip" />
    <Url
      Source="Output/pwelsh/HTML5/Content/Extras/DVDCover_DR_template_PSD.zip" />
    <Url
      Source="Output/pwelsh/HTML5/Content/Extras/DVD_Cover_Guidelines.pdf" />
    <Url
      Source="Output/pwelsh/HTML5/Content/Extras/Install_Menu.png" />
    <Url
      Source="Output/pwelsh/HTML5/Content/Extras/Install_Menu_Guidelines.pdf" />
    <Url
      Source="Output/pwelsh/HTML5/Content/Extras/Mailer_DR_template_EURO_PNG.zip" />
    <Url
      Source="Output/pwelsh/HTML5/Content/Extras/Mailer_DR_template_EURO_PSD.zip" />
    <Url
      Source="Output/pwelsh/HTML5/Content/Extras/Mailer_DR_template_US_PNG.zip" />
    <Url
      Source="Output/pwelsh/HTML5/Content/Extras/Mailer_DR_template_US_PSD.zip" />
    <Url
      Source="Output/pwelsh/HTML5/Content/Extras/Mailer_Guidelines.pdf" />
    <Url
      Source="Output/pwelsh/HTML5/Content/Resources/Images/1_18.jpg" />
    <Url
      Source="Output/pwelsh/HTML5/Content/Resources/Images/1_19.jpg" />
    <Url
      Source="Output/pwelsh/HTML5/Content/Resources/Images/Advanced_volume_discount_ex.png" />
    <Url
      Source="Output/pwelsh/HTML5/Content/Resources/Images/Advanced_volume_example.png" />
    <Url
      Source="Output/pwelsh/HTML5/Content/Resources/Images/APSChgQty.jpg" />
    <Url
      Source="Output/pwelsh/HTML5/Content/Resources/Images/ClickingTranslateData.png" />
    <Url
      Source="Output/pwelsh/HTML5/Content/Resources/Images/CodeBlock1.png" />
    <Url
      Source="Output/pwelsh/HTML5/Content/Resources/Images/CodeBlock2.png" />
    <Url
      Source="Output/pwelsh/HTML5/Content/Resources/Images/DR_interim_regNet_2c.jpg" />
    <Url
      Source="Output/pwelsh/HTML5/Content/Resources/Images/ill5_7.jpg" />
    <Url
      Source="Output/pwelsh/HTML5/Content/Resources/Images/ill5_8.jpg" />
    <Url
      Source="Output/pwelsh/HTML5/Content/Resources/Images/ill5_9.jpg" />
    <Url
      Source="Output/pwelsh/HTML5/Content/Resources/Images/Lang_store_level.png" />
    <Url
      Source="Output/pwelsh/HTML5/Content/Resources/Images/lexicon_edits.png" />
    <Url
      Source="Output/pwelsh/HTML5/Content/Resources/Images/logo.png" />
    <Url
      Source="Output/pwelsh/HTML5/Content/Resources/Images/logo.psd" />
    <Url
      Source="Output/pwelsh/HTML5/Content/Resources/Images/ManualActivate01.JPG" />
    <Url
      Source="Output/pwelsh/HTML5/Content/Resources/Images/ManualActivate03.JPG" />
    <Url
      Source="Output/pwelsh/HTML5/Content/Resources/Images/ManualActivate04.JPG" />
    <Url
      Source="Output/pwelsh/HTML5/Content/Resources/Images/ManualActivate05.JPG" />
    <Url
      Source="Output/pwelsh/HTML5/Content/Resources/Images/ManualActivate06.JPG" />
    <Url
      Source="Output/pwelsh/HTML5/Content/Resources/Images/ManualActivate07.JPG" />
    <Url
      Source="Output/pwelsh/HTML5/Content/Resources/Images/ManualActivate08.JPG" />
    <Url
      Source="Output/pwelsh/HTML5/Content/Resources/Images/quick_added_to_cart.jpg" />
    <Url
      Source="Output/pwelsh/HTML5/Content/Resources/Images/quick_cart_final.jpg" />
    <Url
      Source="Output/pwelsh/HTML5/Content/Resources/Images/quick_confirm.jpg" />
    <Url
      Source="Output/pwelsh/HTML5/Content/Resources/Images/quick_eseller.jpg" />
    <Url
      Source="Output/pwelsh/HTML5/Content/Resources/Images/quick_eseller_settings.jpg" />
    <Url
      Source="Output/pwelsh/HTML5/Content/Resources/Images/quick_eseller_summary.jpg" />
    <Url
      Source="Output/pwelsh/HTML5/Content/Resources/Images/quick_inspection.jpg" />
    <Url
      Source="Output/pwelsh/HTML5/Content/Resources/Images/quick_name_layout.jpg" />
    <Url
      Source="Output/pwelsh/HTML5/Content/Resources/Images/quick_receipt.jpg" />
    <Url
      Source="Output/pwelsh/HTML5/Content/Resources/Images/quick_select_layout.jpg" />
    <Url
      Source="Output/pwelsh/HTML5/Content/Resources/Images/quick_select_sku.jpg" />
    <Url
      Source="Output/pwelsh/HTML5/Content/Resources/Images/quick_show_images.jpg" />
    <Url
      Source="Output/pwelsh/HTML5/Content/Resources/Images/quick_sku.jpg" />
    <Url
      Source="Output/pwelsh/HTML5/Content/Resources/Images/quick_sku_settings.jpg" />
    <Url
      Source="Output/pwelsh/HTML5/Content/Resources/Images/quick_sku_settings2.jpg" />
    <Url
      Source="Output/pwelsh/HTML5/Content/Resources/Images/quick_store.jpg" />
    <Url
      Source="Output/pwelsh/HTML5/Content/Resources/Images/quick_upload.jpg" />
    <Url
      Source="Output/pwelsh/HTML5/Content/Resources/Images/quick_web_store_sku.jpg" />
    <Url
      Source="Output/pwelsh/HTML5/Content/Resources/Images/reference_sample_ship.jpg" />
    <Url
      Source="Output/pwelsh/HTML5/Content/Resources/Images/report_calendar_int.jpg" />
    <Url
      Source="Output/pwelsh/HTML5/Content/Resources/Images/report_emb_eseller_check.jpg" />
    <Url
      Source="Output/pwelsh/HTML5/Content/Resources/Images/report_int_eseller_check.jpg" />
    <Url
      Source="Output/pwelsh/HTML5/Content/Resources/Images/report_sku_redirect.jpg" />
    <Url
      Source="Output/pwelsh/HTML5/Content/Resources/Images/StandardEnhanced.gif" />
    <Url
      Source="Output/pwelsh/HTML5/Content/Resources/Images/StandardEnhanced.jpg" />
    <Url
      Source="Output/pwelsh/HTML5/Content/Resources/Images/StandardSerialGraphic.gif" />
    <Url
      Source="Output/pwelsh/HTML5/Content/Resources/Images/StandardSerialGraphic.jpg" />
    <Url
      Source="Output/pwelsh/HTML5/Content/Resources/Images/subs1.png" />
    <Url
      Source="Output/pwelsh/HTML5/Content/Resources/Images/subs2.png" />
    <Url
      Source="Output/pwelsh/HTML5/Content/Resources/Images/subs3.png" />
    <Url
      Source="Output/pwelsh/HTML5/Content/Resources/Images/subs4.png" />
    <Url
      Source="Output/pwelsh/HTML5/Content/Resources/Images/subs5.png" />
    <Url
      Source="Output/pwelsh/HTML5/Content/Resources/Images/subs6.png" />
    <Url
      Source="Output/pwelsh/HTML5/Content/Resources/Images/TranslateDataIcon.png" />
    <Url
      Source="Output/pwelsh/HTML5/Content/Resources/Images/translations_edit.png" />
    <Url
      Source="Output/pwelsh/HTML5/Content/Resources/Images/update_graphic_01.jpg" />
    <Url
      Source="Output/pwelsh/HTML5/Content/Resources/Images/update_graphic_02.jpg" />
    <Url
      Source="Output/pwelsh/HTML5/Content/Resources/Images/update_graphic_03.jpg" />
    <Url
      Source="Output/pwelsh/HTML5/Content/Resources/Images/web_eseller_detail.jpg" />
    <Url
      Source="Output/pwelsh/HTML5/Content/Resources/Stylesheets/Styles.css" />
    <Url
      Source="Output/pwelsh/HTML5/Content/Resources/TableStyles/Basic.css" />
    <Url
      Source="Output/pwelsh/HTML5/Content/Resources/TableStyles/Format_A.css" />
    <Url
      Source="Output/pwelsh/HTML5/Content/Resources/TableStyles/Illustration_Table.css" />
    <Url
      Source="Output/pwelsh/HTML5/Content/Resources/TableStyles/Large_table.css" />
    <Url
      Source="Output/pwelsh/HTML5/Content/Resources/TableStyles/Rows.css" />
    <Url
      Source="Output/pwelsh/HTML5/Content/Resources/TableStyles/TitlePage2Columns.css" />
    <Url
      Source="Output/pwelsh/HTML5/Content/Resources/TableStyles/TitlePageTable.css" />
    <Url
      Source="Output/pwelsh/HTML5/Content/Title_Page.htm" />
    <Url
      Source="Output/pwelsh/HTML5/Content/eSellUsersGuide.htm" />
    <Url
      Source="Output/pwelsh/HTML5/Content/eSellSDKRef.htm" />
    <Url
      Source="Output/pwelsh/HTML5/Content/OtherResources.htm" />
    <Url
      Source="Output/pwelsh/HTML5/Content/Getting_Started/Getting_Started.htm" />
    <Url
      Source="Output/pwelsh/HTML5/Content/Getting_Started/System_Requirements.htm" />
    <Url
      Source="Output/pwelsh/HTML5/Content/Getting_Started/Components_of_eSellerate.htm" />
    <Url
      Source="Output/pwelsh/HTML5/Content/Getting_Started/Setting_Up_and_Using.htm" />
    <Url
      Source="Output/pwelsh/HTML5/Content/Getting_Started/Quick_Start_Guide.htm" />
    <Url
      Source="Output/pwelsh/HTML5/Content/Resources/Images/quick_sku_480x746.jpg" />
    <Url
      Source="Output/pwelsh/HTML5/Content/Resources/Images/quick_eseller_480x322.jpg" />
    <Url
      Source="Output/pwelsh/HTML5/Content/Resources/Images/quick_select_sku_480x210.jpg" />
    <Url
      Source="Output/pwelsh/HTML5/Content/Resources/Images/quick_eseller_summary_480x373.jpg" />
    <Url
      Source="Output/pwelsh/HTML5/Content/Resources/Images/quick_store_480x173.jpg" />
    <Url
      Source="Output/pwelsh/HTML5/Content/Resources/Images/quick_added_to_cart_480x204.jpg" />
    <Url
      Source="Output/pwelsh/HTML5/Content/Resources/Images/quick_cart_final_480x361.jpg" />
    <Url
      Source="Output/pwelsh/HTML5/Content/Resources/Images/quick_confirm_480x301.jpg" />
    <Url
      Source="Output/pwelsh/HTML5/Content/Resources/Images/quick_receipt_480x563.jpg" />
    <Url
      Source="Output/pwelsh/HTML5/Content/Getting_Started/Setting_Up_a_Basic_Web_Store.htm" />
    <Url
      Source="Output/pwelsh/HTML5/Content/Resources/Images/quick_sku_settings_480x748.jpg" />
    <Url
      Source="Output/pwelsh/HTML5/Content/Resources/Images/quick_sku_settings2_480x424.jpg" />
    <Url
      Source="Output/pwelsh/HTML5/Content/Resources/Images/quick_eseller_settings_480x566.jpg" />
    <Url
      Source="Output/pwelsh/HTML5/Content/Resources/Images/quick_select_layout_480x716.jpg" />
    <Url
      Source="Output/pwelsh/HTML5/Content/Resources/Images/quick_name_layout_480x532.jpg" />
    <Url
      Source="Output/pwelsh/HTML5/Content/Resources/Images/quick_show_images_480x379.jpg" />
    <Url
      Source="Output/pwelsh/HTML5/Content/Resources/Images/quick_upload_480x325.jpg" />
    <Url
      Source="Output/pwelsh/HTML5/Content/Resources/Images/quick_inspection_480x153.jpg" />
    <Url
      Source="Output/pwelsh/HTML5/Content/Getting_Started/Adding_Functionality.htm" />
    <Url
      Source="Output/pwelsh/HTML5/Content/Getting_Started/Doing_More_With.htm" />
    <Url
      Source="Output/pwelsh/HTML5/Content/Using_Sales_Manager.htm" />
    <Url
      Source="Output/pwelsh/HTML5/Content/SKU_Management/SKU_Management.htm" />
    <Url
      Source="Output/pwelsh/HTML5/Content/SKU_Management/Creating_SKUs.htm" />
    <Url
      Source="Output/pwelsh/HTML5/Content/SKU_Management/SKU_Basic.htm" />
    <Url
      Source="Output/pwelsh/HTML5/Content/SKU_Management/SKU_Advanced.htm" />
    <Url
      Source="Output/pwelsh/HTML5/Content/SKU_Management/SKU_SplitPay.htm" />
    <Url
      Source="Output/pwelsh/HTML5/Content/SKU_Management/SKU_Bundle.htm" />
    <Url
      Source="Output/pwelsh/HTML5/Content/SKU_Management/SKU_Renewal.htm" />
    <Url
      Source="Output/pwelsh/HTML5/Content/SKU_Management/SKU_eSellers.htm" />
    <Url
      Source="Output/pwelsh/HTML5/Content/SKU_Management/Export_Compliance.htm" />
    <Url
      Source="Output/pwelsh/HTML5/Content/SKU_Management/Bundle_Overview.htm" />
    <Url
      Source="Output/pwelsh/HTML5/Content/SKU_Management/Bundle_and_Serial.htm" />
    <Url
      Source="Output/pwelsh/HTML5/Content/SKU_Management/Setting_Pricing.htm" />
    <Url
      Source="Output/pwelsh/HTML5/Content/SKU_Management/Pricing_SKU.htm" />
    <Url
      Source="Output/pwelsh/HTML5/Content/SKU_Management/Pricing_Volume.htm" />
    <Url
      Source="Output/pwelsh/HTML5/Content/SKU_Management/Pricing_Cross.htm" />
    <Url
      Source="Output/pwelsh/HTML5/Content/SKU_Management/Pricing_Coupons.htm" />
    <Url
      Source="Output/pwelsh/HTML5/Content/SKU_Management/Pricing_eCD.htm" />
    <Url
      Source="Output/pwelsh/HTML5/Content/SKU_Management/Pricing_Up.htm" />
    <Url
      Source="Output/pwelsh/HTML5/Content/SKU_Management/Pricing_Preferences.htm" />
    <Url
      Source="Output/pwelsh/HTML5/Content/SKU_Management/Creating_eSellers.htm" />
    <Url
      Source="Output/pwelsh/HTML5/Content/SKU_Management/Creating_Serial.htm" />
    <Url
      Source="Output/pwelsh/HTML5/Content/SKU_Management/Serial_Ready.htm" />
    <Url
      Source="Output/pwelsh/HTML5/Content/SKU_Management/Serial_Standard.htm" />
    <Url
      Source="Output/pwelsh/HTML5/Content/SKU_Management/Serial_Enhanced.htm" />
    <Url
      Source="Output/pwelsh/HTML5/Content/SKU_Management/Serial_eSell_Arm.htm" />
    <Url
      Source="Output/pwelsh/HTML5/Content/SKU_Management/Serial_Armadillo.htm" />
    <Url
      Source="Output/pwelsh/HTML5/Content/SKU_Management/Serial_RPN.htm" />
    <Url
      Source="Output/pwelsh/HTML5/Content/SKU_Management/Serial_Custom.htm" />
    <Url
      Source="Output/pwelsh/HTML5/Content/SKU_Management/Serial_External.htm" />
    <Url
      Source="Output/pwelsh/HTML5/Content/SKU_Management/Serial_Pre.htm" />
    <Url
      Source="Output/pwelsh/HTML5/Content/SKU_Management/Serial_Pub.htm" />
    <Url
      Source="Output/pwelsh/HTML5/Content/SKU_Management/Serial_Remote.htm" />
    <Url
      Source="Output/pwelsh/HTML5/Content/SKU_Management/Serial_App.htm" />
    <Url
      Source="Output/pwelsh/HTML5/Content/SKU_Management/Serial_Manual.htm" />
    <Url
      Source="Output/pwelsh/HTML5/Content/SKU_Management/Serial_Manual_Single.htm" />
    <Url
      Source="Output/pwelsh/HTML5/Content/SKU_Management/Serial_Manual_Multiple.htm" />
    <Url
      Source="Output/pwelsh/HTML5/Content/SKU_Management/Serial_Aquatic.htm" />
    <Url
      Source="Output/pwelsh/HTML5/Content/SKU_Management/Activation_Overview.htm" />
    <Url
      Source="Output/pwelsh/HTML5/Content/SKU_Management/Activation_Creating.htm" />
    <Url
      Source="Output/pwelsh/HTML5/Content/SKU_Management/Activation_Configuring.htm" />
    <Url
      Source="Output/pwelsh/HTML5/Content/SKU_Management/Activation_Other.htm" />
    <Url
      Source="Output/pwelsh/HTML5/Content/SKU_Management/Activation_Ext_Import.htm" />
    <Url
      Source="Output/pwelsh/HTML5/Content/Resources/Images/ManualActivate01_480x344.jpg" />
    <Url
      Source="Output/pwelsh/HTML5/Content/Resources/Images/ManualActivate03_480x344.jpg" />
    <Url
      Source="Output/pwelsh/HTML5/Content/Resources/Images/ManualActivate04_480x344.jpg" />
    <Url
      Source="Output/pwelsh/HTML5/Content/Resources/Images/ManualActivate05_480x344.jpg" />
    <Url
      Source="Output/pwelsh/HTML5/Content/Resources/Images/ManualActivate06_480x344.jpg" />
    <Url
      Source="Output/pwelsh/HTML5/Content/Resources/Images/ManualActivate08_480x430.jpg" />
    <Url
      Source="Output/pwelsh/HTML5/Content/Resources/Images/ManualActivate07_480x344.jpg" />
    <Url
      Source="Output/pwelsh/HTML5/Content/SKU_Management/Activation_Manual.htm" />
    <Url
      Source="Output/pwelsh/HTML5/Content/Order_Management/Order_Management.htm" />
    <Url
      Source="Output/pwelsh/HTML5/Content/Order_Management/Orders_Searching.htm" />
    <Url
      Source="Output/pwelsh/HTML5/Content/Order_Management/Orders_Detail_Page.htm" />
    <Url
      Source="Output/pwelsh/HTML5/Content/Order_Management/Orders_Activation_Detail.htm" />
    <Url
      Source="Output/pwelsh/HTML5/Content/Order_Management/Orders_Sub_Event_Test.htm" />
    <Url
      Source="Output/pwelsh/HTML5/Content/Order_Management/Orders_Fulfilling.htm" />
    <Url
      Source="Output/pwelsh/HTML5/Content/Order_Management/Orders_Packing_Slips.htm" />
    <Url
      Source="Output/pwelsh/HTML5/Content/Order_Management/Orders_Returning.htm" />
    <Url
      Source="Output/pwelsh/HTML5/Content/Order_Management/Orders_Return_Full.htm" />
    <Url
      Source="Output/pwelsh/HTML5/Content/Order_Management/Orders_Return_Ship.htm" />
    <Url
      Source="Output/pwelsh/HTML5/Content/Order_Management/Orders_Return_Satisf.htm" />
    <Url
      Source="Output/pwelsh/HTML5/Content/Order_Management/Orders_Return_Partial.htm" />
    <Url
      Source="Output/pwelsh/HTML5/Content/Order_Management/Orders_TaxOnly_Refund.htm" />
    <Url
      Source="Output/pwelsh/HTML5/Content/Order_Management/Orders_Voiding.htm" />
    <Url
      Source="Output/pwelsh/HTML5/Content/Order_Management/Orders_XML.htm" />
    <Url
      Source="Output/pwelsh/HTML5/Content/References/References.htm" />
    <Url
      Source="Output/pwelsh/HTML5/Content/References/References_Downloads.htm" />
    <Url
      Source="Output/pwelsh/HTML5/Content/Resources/Images/reference_sample_ship_480x209.jpg" />
    <Url
      Source="Output/pwelsh/HTML5/Content/References/References_Shipping.htm" />
    <Url
      Source="Output/pwelsh/HTML5/Content/References/References_ShippingRegions.htm" />
    <Url
      Source="Output/pwelsh/HTML5/Content/References/References_Country.htm" />
    <Url
      Source="Output/pwelsh/HTML5/Content/References/References_URL_Alias.htm" />
    <Url
      Source="Output/pwelsh/HTML5/Content/References/References_Categories.htm" />
    <Url
      Source="Output/pwelsh/HTML5/Content/Account_Management/Account_Management.htm" />
    <Url
      Source="Output/pwelsh/HTML5/Content/Account_Management/Account_Contact.htm" />
    <Url
      Source="Output/pwelsh/HTML5/Content/Account_Management/Account_XML.htm" />
    <Url
      Source="Output/pwelsh/HTML5/Content/Account_Management/Account_Amazon.htm" />
    <Url
      Source="Output/pwelsh/HTML5/Content/Account_Management/Account_Receipt.htm" />
    <Url
      Source="Output/pwelsh/HTML5/Content/Account_Management/Account_Terms.htm" />
    <Url
      Source="Output/pwelsh/HTML5/Content/Account_Management/Account_Return_Privacy.htm" />
    <Url
      Source="Output/pwelsh/HTML5/Content/Account_Management/Account_eDP.htm" />
    <Url
      Source="Output/pwelsh/HTML5/Content/Account_Management/Account_Return_Reasons.htm" />
    <Url
      Source="Output/pwelsh/HTML5/Content/Reports/Reports.htm" />
    <Url
      Source="Output/pwelsh/HTML5/Content/Reports/Reports_Business_Intel.htm" />
    <Url
      Source="Output/pwelsh/HTML5/Content/Reports/Reports_SectCustomer.htm" />
    <Url
      Source="Output/pwelsh/HTML5/Content/Reports/Reports_Customer.htm" />
    <Url
      Source="Output/pwelsh/HTML5/Content/Reports/Reports_SectSales.htm" />
    <Url
      Source="Output/pwelsh/HTML5/Content/Reports/Reports_SKUSalesbyDate.htm" />
    <Url
      Source="Output/pwelsh/HTML5/Content/Reports/Reports_SKUSalesbyCurrency.htm" />
    <Url
      Source="Output/pwelsh/HTML5/Content/Reports/Reports_SKUSalesbyCountry.htm" />
    <Url
      Source="Output/pwelsh/HTML5/Content/Reports/Reports_SKUSalesSummary.htm" />
    <Url
      Source="Output/pwelsh/HTML5/Content/Reports/Reports_SubSKUSalesSummary.htm" />
    <Url
      Source="Output/pwelsh/HTML5/Content/Reports/Reports_TransactionLedger.htm" />
    <Url
      Source="Output/pwelsh/HTML5/Content/Reports/Reports_OrdersbyPayment.htm" />
    <Url
      Source="Output/pwelsh/HTML5/Content/Reports/Reports_DailySummaryFile.htm" />
    <Url
      Source="Output/pwelsh/HTML5/Content/Reports/Reports_SplitPayTransaction.htm" />
    <Url
      Source="Output/pwelsh/HTML5/Content/Reports/Reports_CrossSellbyPrimary.htm" />
    <Url
      Source="Output/pwelsh/HTML5/Content/Reports/Reports_CrossSellbyGroup.htm" />
    <Url
      Source="Output/pwelsh/HTML5/Content/Reports/Reports_UpSellbyPrimary.htm" />
    <Url
      Source="Output/pwelsh/HTML5/Content/Reports/Reports_UpSellbyGroup.htm" />
    <Url
      Source="Output/pwelsh/HTML5/Content/Reports/Reports_BasicbyDate.htm" />
    <Url
      Source="Output/pwelsh/HTML5/Content/Reports/Reports_eSellbyDate.htm" />
    <Url
      Source="Output/pwelsh/HTML5/Content/Reports/Reports_TrackingIDs.htm" />
    <Url
      Source="Output/pwelsh/HTML5/Content/Reports/Reports_SectPayment.htm" />
    <Url
      Source="Output/pwelsh/HTML5/Content/Reports/Reports_Payments.htm" />
    <Url
      Source="Output/pwelsh/HTML5/Content/Reports/Reports_PaymentDetail.htm" />
    <Url
      Source="Output/pwelsh/HTML5/Content/Reports/Reports_SectAdmin.htm" />
    <Url
      Source="Output/pwelsh/HTML5/Content/Reports/Reports_AffiliateListing.htm" />
    <Url
      Source="Output/pwelsh/HTML5/Content/Reports/Reports_HostedeST.htm" />
    <Url
      Source="Output/pwelsh/HTML5/Content/Reports/Reports_Bandwidtth.htm" />
    <Url
      Source="Output/pwelsh/HTML5/Content/Resources/Images/report_int_eseller_check_480x182.jpg" />
    <Url
      Source="Output/pwelsh/HTML5/Content/Reports/Reports_CheckForUpdate.htm" />
    <Url
      Source="Output/pwelsh/HTML5/Content/Resources/Images/report_emb_eseller_check_480x176.jpg" />
    <Url
      Source="Output/pwelsh/HTML5/Content/Reports/Reports_EWSCheckFor.htm" />
    <Url
      Source="Output/pwelsh/HTML5/Content/Resources/Images/report_sku_redirect_480x175.jpg" />
    <Url
      Source="Output/pwelsh/HTML5/Content/Reports/Reports_SKURedirects.htm" />
    <Url
      Source="Output/pwelsh/HTML5/Content/Reports/Reports_SerialNumbers.htm" />
    <Url
      Source="Output/pwelsh/HTML5/Content/Reports/Reports_SerialNumberAct.htm" />
    <Url
      Source="Output/pwelsh/HTML5/Content/Reports/Reports_ActivationHistory.htm" />
    <Url
      Source="Output/pwelsh/HTML5/Content/Reports/Reports_ActivationFailures.htm" />
    <Url
      Source="Output/pwelsh/HTML5/Content/Reports/Reports_CouponUsage.htm" />
    <Url
      Source="Output/pwelsh/HTML5/Content/Reports/Reports_LoginAttempts.htm" />
    <Url
      Source="Output/pwelsh/HTML5/Content/Reports/Reports_SectPricing.htm" />
    <Url
      Source="Output/pwelsh/HTML5/Content/Reports/Reports_SKUbyCurrency.htm" />
    <Url
      Source="Output/pwelsh/HTML5/Content/Reports/Reports_VolumebyCurrency.htm" />
    <Url
      Source="Output/pwelsh/HTML5/Content/Reports/Reports_CrossbyCurrency.htm" />
    <Url
      Source="Output/pwelsh/HTML5/Content/Reports/Reports_CouponsbyCurrency.htm" />
    <Url
      Source="Output/pwelsh/HTML5/Content/Reports/Reports_UpSellbyCurrency.htm" />
    <Url
      Source="Output/pwelsh/HTML5/Content/Reports/Reports_CalendarInterface.htm" />
    <Url
      Source="Output/pwelsh/HTML5/Content/Advanced_Sales_Options/AdvancedSalesOptions.htm" />
    <Url
      Source="Output/pwelsh/HTML5/Content/Advanced_Sales_Options/Advanced_SettingUpSub.htm" />
    <Url
      Source="Output/pwelsh/HTML5/Content/Advanced_Sales_Options/Advanced_SigningUpSub.htm" />
    <Url
      Source="Output/pwelsh/HTML5/Content/Advanced_Sales_Options/Advanced_OverviewSub.htm" />
    <Url
      Source="Output/pwelsh/HTML5/Content/Advanced_Sales_Options/Advanced_NotesSub.htm" />
    <Url
      Source="Output/pwelsh/HTML5/Content/Advanced_Sales_Options/Advanced_CreatingSubMeth.htm" />
    <Url
      Source="Output/pwelsh/HTML5/Content/Advanced_Sales_Options/Advanced_SubDetails.htm" />
    <Url
      Source="Output/pwelsh/HTML5/Content/Advanced_Sales_Options/Advanced_SubTerms.htm" />
    <Url
      Source="Output/pwelsh/HTML5/Content/Advanced_Sales_Options/Advanced_SubEmails.htm" />
    <Url
      Source="Output/pwelsh/HTML5/Content/Advanced_Sales_Options/Advanced_SubUsage.htm" />
    <Url
      Source="Output/pwelsh/HTML5/Content/Resources/Images/subs1_374x146.png" />
    <Url
      Source="Output/pwelsh/HTML5/Content/Resources/Images/subs2_374x146.png" />
    <Url
      Source="Output/pwelsh/HTML5/Content/Resources/Images/subs3_374x150.png" />
    <Url
      Source="Output/pwelsh/HTML5/Content/Resources/Images/subs4_374x151.png" />
    <Url
      Source="Output/pwelsh/HTML5/Content/Resources/Images/subs5_374x147.png" />
    <Url
      Source="Output/pwelsh/HTML5/Content/Resources/Images/subs6_374x149.png" />
    <Url
      Source="Output/pwelsh/HTML5/Content/Advanced_Sales_Options/Advanced_SubExamples.htm" />
    <Url
      Source="Output/pwelsh/HTML5/Content/Advanced_Sales_Options/Advanced_SubCancelReturn.htm" />
    <Url
      Source="Output/pwelsh/HTML5/Content/Advanced_Sales_Options/Advanced_Cancel_Sub_API.htm" />
    <Url
      Source="Output/pwelsh/HTML5/Content/Resources/Images/APSChgQty_364x157.jpg" />
    <Url
      Source="Output/pwelsh/HTML5/Content/Advanced_Sales_Options/Advanced_SubQty.htm" />
    <Url
      Source="Output/pwelsh/HTML5/Content/Advanced_Sales_Options/Advanced_ConfigECD.htm" />
    <Url
      Source="Output/pwelsh/HTML5/Content/Advanced_Sales_Options/Advanced_SigningUpECD.htm" />
    <Url
      Source="Output/pwelsh/HTML5/Content/Advanced_Sales_Options/Advanced_NotesECD.htm" />
    <Url
      Source="Output/pwelsh/HTML5/Content/Advanced_Sales_Options/Advanced_OrganizingECD.htm" />
    <Url
      Source="Output/pwelsh/HTML5/Content/Advanced_Sales_Options/Advanced_ECDISOImg.htm" />
    <Url
      Source="Output/pwelsh/HTML5/Content/Advanced_Sales_Options/Advanced_ECDWindowsZip.htm" />
    <Url
      Source="Output/pwelsh/HTML5/Content/Advanced_Sales_Options/Advanced_ECDWindowsNotZi.htm" />
    <Url
      Source="Output/pwelsh/HTML5/Content/Advanced_Sales_Options/Advanced_ECDMacDiskImg.htm" />
    <Url
      Source="Output/pwelsh/HTML5/Content/Advanced_Sales_Options/Advanced_ECDMacZip.htm" />
    <Url
      Source="Output/pwelsh/HTML5/Content/Advanced_Sales_Options/Advanced_ECDMacNot.htm" />
    <Url
      Source="Output/pwelsh/HTML5/Content/Advanced_Sales_Options/Advanced_ECDCombined.htm" />
    <Url
      Source="Output/pwelsh/HTML5/Content/Advanced_Sales_Options/Advanced_eCDUploading.htm" />
    <Url
      Source="Output/pwelsh/HTML5/Content/Advanced_Sales_Options/Advanced_ECDImg.htm" />
    <Url
      Source="Output/pwelsh/HTML5/Content/Advanced_Sales_Options/Advanced_ECDImg2.htm" />
    <Url
      Source="Output/pwelsh/HTML5/Content/Advanced_Sales_Options/Advanced_ECDLay.htm" />
    <Url
      Source="Output/pwelsh/HTML5/Content/Advanced_Sales_Options/Advanced_ECDLay2.htm" />
    <Url
      Source="Output/pwelsh/HTML5/Content/Advanced_Sales_Options/Advanced_ECDConfig.htm" />
    <Url
      Source="Output/pwelsh/HTML5/Content/Advanced_Sales_Options/Advanced_ECDeSeller.htm" />
    <Url
      Source="Output/pwelsh/HTML5/Content/Advanced_Sales_Options/Advanced_ECDSKU.htm" />
    <Url
      Source="Output/pwelsh/HTML5/Content/Advanced_Sales_Options/Advanced_ECDFile.htm" />
    <Url
      Source="Output/pwelsh/HTML5/Content/Advanced_Sales_Options/Advanced_ECDRequirements.htm" />
    <Url
      Source="Output/pwelsh/HTML5/Content/Advanced_Sales_Options/Advanced_ECDTaxInclus.htm" />
    <Url
      Source="Output/pwelsh/HTML5/Content/Advanced_Sales_Options/Advanced_CreatingUpSell.htm" />
    <Url
      Source="Output/pwelsh/HTML5/Content/Advanced_Sales_Options/Advanced_UpSellOverview.htm" />
    <Url
      Source="Output/pwelsh/HTML5/Content/Advanced_Sales_Options/Advanced_CreatingUpSell1.htm" />
    <Url
      Source="Output/pwelsh/HTML5/Content/Advanced_Sales_Options/Advanced_UpSellOptions.htm" />
    <Url
      Source="Output/pwelsh/HTML5/Content/Advanced_Sales_Options/Advanced_UpSellSKUAssign.htm" />
    <Url
      Source="Output/pwelsh/HTML5/Content/Advanced_Sales_Options/Advanced_CreatingCrossIt.htm" />
    <Url
      Source="Output/pwelsh/HTML5/Content/Advanced_Sales_Options/Advanced_NotesCrossSell.htm" />
    <Url
      Source="Output/pwelsh/HTML5/Content/Advanced_Sales_Options/Advanced_CreatingCrossGr.htm" />
    <Url
      Source="Output/pwelsh/HTML5/Content/Advanced_Sales_Options/Advanced_CrossOptions.htm" />
    <Url
      Source="Output/pwelsh/HTML5/Content/Advanced_Sales_Options/Advanced_CrossSellSKUAssign.htm" />
    <Url
      Source="Output/pwelsh/HTML5/Content/Advanced_Sales_Options/Advanced_CreatingCoupons.htm" />
    <Url
      Source="Output/pwelsh/HTML5/Content/Advanced_Sales_Options/Advanced_CouponNotes.htm" />
    <Url
      Source="Output/pwelsh/HTML5/Content/Advanced_Sales_Options/Advanced_CreatingCouponD.htm" />
    <Url
      Source="Output/pwelsh/HTML5/Content/Advanced_Sales_Options/Advanced_CouponOneTime.htm" />
    <Url
      Source="Output/pwelsh/HTML5/Content/Advanced_Sales_Options/Advanced_CouponExtendExp.htm" />
    <Url
      Source="Output/pwelsh/HTML5/Content/Advanced_Sales_Options/Advanced_EditingActCoupo.htm" />
    <Url
      Source="Output/pwelsh/HTML5/Content/Advanced_Sales_Options/Advanced_PrefillCoupon.htm" />
    <Url
      Source="Output/pwelsh/HTML5/Content/Advanced_Sales_Options/Advanced_CreatingVolume.htm" />
    <Url
      Source="Output/pwelsh/HTML5/Content/Resources/Images/Advanced_volume_example_480x93.png" />
    <Url
      Source="Output/pwelsh/HTML5/Content/Advanced_Sales_Options/Advanced_VolumeExample.htm" />
    <Url
      Source="Output/pwelsh/HTML5/Content/Advanced_Sales_Options/Advanced_VolumeCreating.htm" />
    <Url
      Source="Output/pwelsh/HTML5/Content/Advanced_Sales_Options/Advanced_VolumeAssign.htm" />
    <Url
      Source="Output/pwelsh/HTML5/Content/eSellerate_Affiliates/Affiliates.htm" />
    <Url
      Source="Output/pwelsh/HTML5/Content/eSellerate_Affiliates/Affiliates_Joining.htm" />
    <Url
      Source="Output/pwelsh/HTML5/Content/eSellerate_Affiliates/Affiliates_EnteringConta.htm" />
    <Url
      Source="Output/pwelsh/HTML5/Content/eSellerate_Affiliates/Affiliates_SubmitSKUs.htm" />
    <Url
      Source="Output/pwelsh/HTML5/Content/eSellerate_Affiliates/Affiliates_eSTDownloads.htm" />
    <Url
      Source="Output/pwelsh/HTML5/Content/eSellerate_Affiliates/Affiliates_eSTandEWS.htm" />
    <Url
      Source="Output/pwelsh/HTML5/Content/eSellerate_Affiliates/Affiliates_InAppBuy.htm" />
    <Url
      Source="Output/pwelsh/HTML5/Content/eSellerate_Affiliates/Affiliates_C_Code.htm" />
    <Url
      Source="Output/pwelsh/HTML5/Content/eSellerate_Affiliates/Affiliates_VB_Code.htm" />
    <Url
      Source="Output/pwelsh/HTML5/Content/eSellerate_Affiliates/Affiliates_TestingeST.htm" />
    <Url
      Source="Output/pwelsh/HTML5/Content/eSellerate_Affiliates/Affiliates_UpdatingeST.htm" />
    <Url
      Source="Output/pwelsh/HTML5/Content/eSellerate_Affiliates/Affiliates_CustomOnlineS.htm" />
    <Url
      Source="Output/pwelsh/HTML5/Content/eSellerate_Affiliates/Affiliates_MakingAffLeve.htm" />
    <Url
      Source="Output/pwelsh/HTML5/Content/Other_Sales_Partnerships/Other_Sales_Partnerships.htm" />
    <Url
      Source="Output/pwelsh/HTML5/Content/Other_Sales_Partnerships/Other_Basic_Affiliates.htm" />
    <Url
      Source="Output/pwelsh/HTML5/Content/Other_Sales_Partnerships/Other_SplitPay.htm" />
    <Url
      Source="Output/pwelsh/HTML5/Content/Layouts/Layouts.htm" />
    <Url
      Source="Output/pwelsh/HTML5/Content/Layouts/Layouts_Custom.htm" />
    <Url
      Source="Output/pwelsh/HTML5/Content/Layouts/Layouts_CustomNotes.htm" />
    <Url
      Source="Output/pwelsh/HTML5/Content/Layouts/Layouts_CustomCreate.htm" />
    <Url
      Source="Output/pwelsh/HTML5/Content/Layouts/Layouts_CustomAssign.htm" />
    <Url
      Source="Output/pwelsh/HTML5/Content/Layouts/Layouts_CustomSettings.htm" />
    <Url
      Source="Output/pwelsh/HTML5/Content/Layouts/Layouts_CustomFiles.htm" />
    <Url
      Source="Output/pwelsh/HTML5/Content/Layouts/Layouts_CustomStyles.htm" />
    <Url
      Source="Output/pwelsh/HTML5/Content/Layouts/Layouts_CustomTemplate.htm" />
    <Url
      Source="Output/pwelsh/HTML5/Content/Layouts/Sample_code_for_using.htm" />
    <Url
      Source="Output/pwelsh/HTML5/Content/Layouts/Layouts_CustomVariablesN.htm" />
    <Url
      Source="Output/pwelsh/HTML5/Content/Layouts/Layouts_CustomPrefillDat.htm" />
    <Url
      Source="Output/pwelsh/HTML5/Content/Layouts/Layouts_CLExt.htm" />
    <Url
      Source="Output/pwelsh/HTML5/Content/Layouts/Layouts_Functions.htm" />
    <Url
      Source="Output/pwelsh/HTML5/Content/Layouts/Layouts_AdHoc.htm" />
    <Url
      Source="Output/pwelsh/HTML5/Content/Layouts/Layouts_AssignmentSt.htm" />
    <Url
      Source="Output/pwelsh/HTML5/Content/Layouts/Layouts_CustomReceiptPag.htm" />
    <Url
      Source="Output/pwelsh/HTML5/Content/Layouts/Layouts_CustomPrepCLRece.htm" />
    <Url
      Source="Output/pwelsh/HTML5/Content/Layouts/Layouts_CustomPaymentMethods.htm" />
    <Url
      Source="Output/pwelsh/HTML5/Content/Layouts/Custom_Layout_Lexicon.htm" />
    <Url
      Source="Output/pwelsh/HTML5/Content/Layouts/Language_Selection.htm" />
    <Url
      Source="Output/pwelsh/HTML5/Content/Layouts/Translations.htm" />
    <Url
      Source="Output/pwelsh/HTML5/Content/Layouts/Layouts_Landing.htm" />
    <Url
      Source="Output/pwelsh/HTML5/Content/Layouts/Layouts_LandingNotes.htm" />
    <Url
      Source="Output/pwelsh/HTML5/Content/Layouts/Layouts_LandingCreate.htm" />
    <Url
      Source="Output/pwelsh/HTML5/Content/Layouts/Layouts_LandingAssign.htm" />
    <Url
      Source="Output/pwelsh/HTML5/Content/Layouts/Layouts_LandingSettings.htm" />
    <Url
      Source="Output/pwelsh/HTML5/Content/Layouts/Layouts_LandingFiles.htm" />
    <Url
      Source="Output/pwelsh/HTML5/Content/Layouts/Layouts_LandingCustomURL.htm" />
    <Url
      Source="Output/pwelsh/HTML5/Content/Layouts/Layouts_LandingTagsVars.htm" />
    <Url
      Source="Output/pwelsh/HTML5/Content/Layouts/Layouts_LandingVarNotes.htm" />
    <Url
      Source="Output/pwelsh/HTML5/Content/User_Management/User_Management.htm" />
    <Url
      Source="Output/pwelsh/HTML5/Content/User_Management/User_AndPermissions.htm" />
    <Url
      Source="Output/pwelsh/HTML5/Content/User_Management/User_CompanyID.htm" />
    <Url
      Source="Output/pwelsh/HTML5/Content/User_Management/User_List.htm" />
    <Url
      Source="Output/pwelsh/HTML5/Content/User_Management/User_Detail.htm" />
    <Url
      Source="Output/pwelsh/HTML5/Content/User_Management/User_Reset.htm" />
    <Url
      Source="Output/pwelsh/HTML5/Content/User_Management/User_MyProfile.htm" />
    <Url
      Source="Output/pwelsh/HTML5/Content/Embedded_Web_Store_eSellers/EWS_Main.htm" />
    <Url
      Source="Output/pwelsh/HTML5/Content/Embedded_Web_Store_eSellers/EWS_DevOptions.htm" />
    <Url
      Source="Output/pwelsh/HTML5/Content/Embedded_Web_Store_eSellers/EWS_Overview.htm" />
    <Url
      Source="Output/pwelsh/HTML5/Content/Embedded_Web_Store_eSellers/EWS_CreatingeSeller.htm" />
    <Url
      Source="Output/pwelsh/HTML5/Content/Embedded_Web_Store_eSellers/EWS_IDNameLayout.htm" />
    <Url
      Source="Output/pwelsh/HTML5/Content/Embedded_Web_Store_eSellers/EWS_ReceiptInfo.htm" />
    <Url
      Source="Output/pwelsh/HTML5/Content/Embedded_Web_Store_eSellers/EWS_AddingSKUs.htm" />
    <Url
      Source="Output/pwelsh/HTML5/Content/Embedded_Web_Store_eSellers/EWS_General.htm" />
    <Url
      Source="Output/pwelsh/HTML5/Content/Embedded_Web_Store_eSellers/EWS_CFU.htm" />
    <Url
      Source="Output/pwelsh/HTML5/Content/Embedded_Web_Store_eSellers/EWS_Advanced.htm" />
    <Url
      Source="Output/pwelsh/HTML5/Content/Embedded_Web_Store_eSellers/EWS_Buy.htm" />
    <Url
      Source="Output/pwelsh/HTML5/Content/Embedded_Web_Store_eSellers/EWS_StoreSKUCat.htm" />
    <Url
      Source="Output/pwelsh/HTML5/Content/Embedded_Web_Store_eSellers/EWS_PreviewCert.htm" />
    <Url
      Source="Output/pwelsh/HTML5/Content/Embedded_Web_Store_eSellers/EWS_ConfigureSource.htm" />
    <Url
      Source="Output/pwelsh/HTML5/Content/Embedded_Web_Store_eSellers/EWS_ProductUpdateEx.htm" />
    <Url
      Source="Output/pwelsh/HTML5/Content/Integrated_eSellers/Integrated_eSellers.htm" />
    <Url
      Source="Output/pwelsh/HTML5/Content/Integrated_eSellers/Integrated_DevOpt.htm" />
    <Url
      Source="Output/pwelsh/HTML5/Content/Integrated_eSellers/Integrated_Overview.htm" />
    <Url
      Source="Output/pwelsh/HTML5/Content/Integrated_eSellers/Integrated_CreatingeSell.htm" />
    <Url
      Source="Output/pwelsh/HTML5/Content/Integrated_eSellers/Integrated_AddPrimarySKU.htm" />
    <Url
      Source="Output/pwelsh/HTML5/Content/Integrated_eSellers/Integrated_SKUAttributes.htm" />
    <Url
      Source="Output/pwelsh/HTML5/Content/Integrated_eSellers/Integrated_SKUStatus.htm" />
    <Url
      Source="Output/pwelsh/HTML5/Content/Integrated_eSellers/Integrated_SKUVolumeD.htm" />
    <Url
      Source="Output/pwelsh/HTML5/Content/Integrated_eSellers/Integrated_SKUDownload.htm" />
    <Url
      Source="Output/pwelsh/HTML5/Content/Integrated_eSellers/Integrated_CFURedirect.htm" />
    <Url
      Source="Output/pwelsh/HTML5/Content/Integrated_eSellers/Integrated_CrossSell.htm" />
    <Url
      Source="Output/pwelsh/HTML5/Content/Integrated_eSellers/Integrated_Wizard.htm" />
    <Url
      Source="Output/pwelsh/HTML5/Content/Integrated_eSellers/Integrated_Preview.htm" />
    <Url
      Source="Output/pwelsh/HTML5/Content/Integrated_eSellers/Integrated_ConfiguringSo.htm" />
    <Url
      Source="Output/pwelsh/HTML5/Content/Integrated_eSellers/Integrated_CFURedirectEx.htm" />
    <Url
      Source="Output/pwelsh/HTML5/Content/Web_Store_eSellers/Web_Main.htm" />
    <Url
      Source="Output/pwelsh/HTML5/Content/Web_Store_eSellers/Web_Overview.htm" />
    <Url
      Source="Output/pwelsh/HTML5/Content/Web_Store_eSellers/Web_CreatingeSeller.htm" />
    <Url
      Source="Output/pwelsh/HTML5/Content/Web_Store_eSellers/Web_eSellerDetail.htm" />
    <Url
      Source="Output/pwelsh/HTML5/Content/Web_Store_eSellers/Web_Receipt.htm" />
    <Url
      Source="Output/pwelsh/HTML5/Content/Web_Store_eSellers/Web_PrivateLogin.htm" />
    <Url
      Source="Output/pwelsh/HTML5/Content/Web_Store_eSellers/Web_Layout.htm" />
    <Url
      Source="Output/pwelsh/HTML5/Content/Web_Store_eSellers/Web_AddingSKUs.htm" />
    <Url
      Source="Output/pwelsh/HTML5/Content/Web_Store_eSellers/Web_SKUAttr.htm" />
    <Url
      Source="Output/pwelsh/HTML5/Content/Web_Store_eSellers/Web_SKUStatus.htm" />
    <Url
      Source="Output/pwelsh/HTML5/Content/Web_Store_eSellers/Web_SKURedirect.htm" />
    <Url
      Source="Output/pwelsh/HTML5/Content/Web_Store_eSellers/Web_VolumeDis.htm" />
    <Url
      Source="Output/pwelsh/HTML5/Content/Web_Store_eSellers/Web_SKUCat.htm" />
    <Url
      Source="Output/pwelsh/HTML5/Content/Web_Store_eSellers/Web_CrossSellSKU.htm" />
    <Url
      Source="Output/pwelsh/HTML5/Content/Web_Store_eSellers/Web_UpSellSKU.htm" />
    <Url
      Source="Output/pwelsh/HTML5/Content/Web_Store_eSellers/Web_BuyDownload.htm" />
    <Url
      Source="Output/pwelsh/HTML5/Content/Web_Store_eSellers/Web_TryDownload.htm" />
    <Url
      Source="Output/pwelsh/HTML5/Content/Web_Store_eSellers/Web_Links.htm" />
    <Url
      Source="Output/pwelsh/HTML5/Content/Web_Store_eSellers/Web_StoreSKUCategories.htm" />
    <Url
      Source="Output/pwelsh/HTML5/Content/Resources/Images/web_eseller_detail_480x181.jpg" />
    <Url
      Source="Output/pwelsh/HTML5/Content/Resources/Images/1_18_312x211.jpg" />
    <Url
      Source="Output/pwelsh/HTML5/Content/Resources/Images/1_19_312x617.jpg" />
    <Url
      Source="Output/pwelsh/HTML5/Content/Web_Store_eSellers/Web_EnablePFO.htm" />
    <Url
      Source="Output/pwelsh/HTML5/Content/Miscellaneous/Miscellaneous.htm" />
    <Url
      Source="Output/pwelsh/HTML5/Content/Miscellaneous/TaxInclusive.htm" />
    <Url
      Source="Output/pwelsh/HTML5/Content/Miscellaneous/PayPalPayments.htm" />
    <Url
      Source="Output/pwelsh/HTML5/Content/Miscellaneous/ACHPayments.htm" />
    <Url
      Source="Output/pwelsh/HTML5/Content/Miscellaneous/WirePayments.htm" />
    <Url
      Source="Output/pwelsh/HTML5/Content/Miscellaneous/POPayments.htm" />
    <Url
      Source="Output/pwelsh/HTML5/Content/Miscellaneous/LocalizingStores.htm" />
    <Url
      Source="Output/pwelsh/HTML5/Content/Miscellaneous/Local_Overview.htm" />
    <Url
      Source="Output/pwelsh/HTML5/Content/Resources/Images/lexicon_edits_480x456.png" />
    <Url
      Source="Output/pwelsh/HTML5/Content/Resources/Images/ClickingTranslateData_480x119.png" />
    <Url
      Source="Output/pwelsh/HTML5/Content/Resources/Images/translations_edit_480x319.png" />
    <Url
      Source="Output/pwelsh/HTML5/Content/Miscellaneous/Local_Steps.htm" />
    <Url
      Source="Output/pwelsh/HTML5/Content/Miscellaneous/Local_Translators.htm" />
    <Url
      Source="Output/pwelsh/HTML5/Content/Miscellaneous/Local_Summary.htm" />
    <Url
      Source="Output/pwelsh/HTML5/Content/Resources/Images/CodeBlock1_480x270.png" />
    <Url
      Source="Output/pwelsh/HTML5/Content/Resources/Images/CodeBlock2_480x279.png" />
    <Url
      Source="Output/pwelsh/HTML5/Content/Miscellaneous/Code_Blocks.htm" />
    <Url
      Source="Output/pwelsh/HTML5/Content/Advanced_Sales_Options/About_Active_and_Preview.htm" />
    <Url
      Source="Output/pwelsh/HTML5/Content/Channels/Channels_Select_Cat.htm" />
    <Url
      Source="Output/pwelsh/HTML5/Content/Channels/Channel_Avail_SKU.htm" />
    <Url
      Source="Output/pwelsh/HTML5/Content/Channels/Channel_Change.htm" />
    <Url
      Source="Output/pwelsh/HTML5/Content/Channels/Channel_Default_Receipt.htm" />
    <Url
      Source="Output/pwelsh/HTML5/Content/Channels/Channel_Details.htm" />
    <Url
      Source="Output/pwelsh/HTML5/Content/Channels/Channel_List.htm" />
    <Url
      Source="Output/pwelsh/HTML5/Content/Channels/Channel_Order_Detail.htm" />
    <Url
      Source="Output/pwelsh/HTML5/Content/Channels/Channel_Pending.htm" />
    <Url
      Source="Output/pwelsh/HTML5/Content/Channels/Channel_Publishers.htm" />
    <Url
      Source="Output/pwelsh/HTML5/Content/Channels/Channel_Returns.htm" />
    <Url
      Source="Output/pwelsh/HTML5/Content/Channels/Channel_SKUs.htm" />
    <Url
      Source="Output/pwelsh/HTML5/Content/Channels/Channel_SplitPay.htm" />
    <Url
      Source="Output/pwelsh/HTML5/Data/Synonyms.xml" />
    <Url
      Source="Output/pwelsh/HTML5/Data/Alias.xml" />
    <Url
      Source="Output/pwelsh/HTML5/Data/Toc.xml" />
    <Url
      Source="Output/pwelsh/HTML5/Data/Index_Chunk1.xml" />
    <Url
      Source="Output/pwelsh/HTML5/Data/Index_Chunk2.xml" />
    <Url
      Source="Output/pwelsh/HTML5/Data/Index_Chunk3.xml" />
    <Url
      Source="Output/pwelsh/HTML5/Data/Index.xml" />
    <Url
      Source="Output/pwelsh/HTML5/Data/Concepts.xml" />
    <Url
      Source="Output/pwelsh/HTML5/Data/Search_Chunk1.xml" />
    <Url
      Source="Output/pwelsh/HTML5/Data/Search_Chunk2.xml" />
    <Url
      Source="Output/pwelsh/HTML5/Data/Search_Chunk3.xml" />
    <Url
      Source="Output/pwelsh/HTML5/Data/Search_Chunk4.xml" />
    <Url
      Source="Output/pwelsh/HTML5/Data/Search_Chunk5.xml" />
    <Url
      Source="Output/pwelsh/HTML5/Data/Search_Chunk6.xml" />
    <Url
      Source="Output/pwelsh/HTML5/Data/Search_Chunk7.xml" />
    <Url
      Source="Output/pwelsh/HTML5/Data/Search_Chunk8.xml" />
    <Url
      Source="Output/pwelsh/HTML5/Data/Search_Chunk9.xml" />
    <Url
      Source="Output/pwelsh/HTML5/Data/Search_Chunk10.xml" />
    <Url
      Source="Output/pwelsh/HTML5/Data/Search_Chunk11.xml" />
    <Url
      Source="Output/pwelsh/HTML5/Data/Search_Chunk12.xml" />
    <Url
      Source="Output/pwelsh/HTML5/Data/Search_Chunk13.xml" />
    <Url
      Source="Output/pwelsh/HTML5/Data/Search_Chunk14.xml" />
    <Url
      Source="Output/pwelsh/HTML5/Data/Search_Chunk15.xml" />
    <Url
      Source="Output/pwelsh/HTML5/Data/Search_Chunk16.xml" />
    <Url
      Source="Output/pwelsh/HTML5/Data/Search_Chunk17.xml" />
    <Url
      Source="Output/pwelsh/HTML5/Data/Search_Chunk18.xml" />
    <Url
      Source="Output/pwelsh/HTML5/Data/Search_Chunk19.xml" />
    <Url
      Source="Output/pwelsh/HTML5/Data/Search_Chunk20.xml" />
    <Url
      Source="Output/pwelsh/HTML5/Data/Search_Chunk21.xml" />
    <Url
      Source="Output/pwelsh/HTML5/Data/Search_Chunk22.xml" />
    <Url
      Source="Output/pwelsh/HTML5/Data/Search_Chunk23.xml" />
    <Url
      Source="Output/pwelsh/HTML5/Data/Search_Chunk24.xml" />
    <Url
      Source="Output/pwelsh/HTML5/Data/Search_Chunk25.xml" />
    <Url
      Source="Output/pwelsh/HTML5/Data/Search_Chunk26.xml" />
    <Url
      Source="Output/pwelsh/HTML5/Data/Search_Chunk27.xml" />
    <Url
      Source="Output/pwelsh/HTML5/Data/Search_Chunk28.xml" />
    <Url
      Source="Output/pwelsh/HTML5/Data/Search_Chunk29.xml" />
    <Url
      Source="Output/pwelsh/HTML5/Data/Search_Chunk30.xml" />
    <Url
      Source="Output/pwelsh/HTML5/Data/Search_Chunk31.xml" />
    <Url
      Source="Output/pwelsh/HTML5/Data/Search_Chunk32.xml" />
    <Url
      Source="Output/pwelsh/HTML5/Data/Search_Chunk33.xml" />
    <Url
      Source="Output/pwelsh/HTML5/Data/Search_Chunk34.xml" />
    <Url
      Source="Output/pwelsh/HTML5/Data/Search_Chunk35.xml" />
    <Url
      Source="Output/pwelsh/HTML5/Data/Search_Chunk36.xml" />
    <Url
      Source="Output/pwelsh/HTML5/Data/Search_Chunk37.xml" />
    <Url
      Source="Output/pwelsh/HTML5/Data/Search_Chunk38.xml" />
    <Url
      Source="Output/pwelsh/HTML5/Data/Search_Chunk39.xml" />
    <Url
      Source="Output/pwelsh/HTML5/Data/Search_Chunk40.xml" />
    <Url
      Source="Output/pwelsh/HTML5/Data/Search_Chunk41.xml" />
    <Url
      Source="Output/pwelsh/HTML5/Data/Search_Chunk42.xml" />
    <Url
      Source="Output/pwelsh/HTML5/Data/Search_Chunk43.xml" />
    <Url
      Source="Output/pwelsh/HTML5/Data/Search_Chunk44.xml" />
    <Url
      Source="Output/pwelsh/HTML5/Data/Search_Chunk45.xml" />
    <Url
      Source="Output/pwelsh/HTML5/Data/Search_Chunk46.xml" />
    <Url
      Source="Output/pwelsh/HTML5/Data/Search_Chunk47.xml" />
    <Url
      Source="Output/pwelsh/HTML5/Data/Search_Chunk48.xml" />
    <Url
      Source="Output/pwelsh/HTML5/Data/Search_Chunk49.xml" />
    <Url
      Source="Output/pwelsh/HTML5/Data/Search_Chunk50.xml" />
    <Url
      Source="Output/pwelsh/HTML5/Data/Search_Chunk51.xml" />
    <Url
      Source="Output/pwelsh/HTML5/Data/Search_Chunk52.xml" />
    <Url
      Source="Output/pwelsh/HTML5/Data/Search_Chunk53.xml" />
    <Url
      Source="Output/pwelsh/HTML5/Data/Search_Chunk54.xml" />
    <Url
      Source="Output/pwelsh/HTML5/Data/Search_Chunk55.xml" />
    <Url
      Source="Output/pwelsh/HTML5/Data/Search_Chunk56.xml" />
    <Url
      Source="Output/pwelsh/HTML5/Data/Search_Chunk57.xml" />
    <Url
      Source="Output/pwelsh/HTML5/Data/Search_Chunk58.xml" />
    <Url
      Source="Output/pwelsh/HTML5/Data/Search_Chunk59.xml" />
    <Url
      Source="Output/pwelsh/HTML5/Data/Search_Chunk60.xml" />
    <Url
      Source="Output/pwelsh/HTML5/Data/Search_Chunk61.xml" />
    <Url
      Source="Output/pwelsh/HTML5/Data/Search_Chunk62.xml" />
    <Url
      Source="Output/pwelsh/HTML5/Data/Search_Chunk63.xml" />
    <Url
      Source="Output/pwelsh/HTML5/Data/Search_Chunk64.xml" />
    <Url
      Source="Output/pwelsh/HTML5/Data/Search_Chunk65.xml" />
    <Url
      Source="Output/pwelsh/HTML5/Data/Search_Chunk66.xml" />
    <Url
      Source="Output/pwelsh/HTML5/Data/Search_Chunk67.xml" />
    <Url
      Source="Output/pwelsh/HTML5/Data/Search_Chunk68.xml" />
    <Url
      Source="Output/pwelsh/HTML5/Data/Search_Chunk69.xml" />
    <Url
      Source="Output/pwelsh/HTML5/Data/Search_Chunk70.xml" />
    <Url
      Source="Output/pwelsh/HTML5/Data/Search_Chunk71.xml" />
    <Url
      Source="Output/pwelsh/HTML5/Data/Search_Chunk72.xml" />
    <Url
      Source="Output/pwelsh/HTML5/Data/Search_Chunk73.xml" />
    <Url
      Source="Output/pwelsh/HTML5/Data/Search_Chunk74.xml" />
    <Url
      Source="Output/pwelsh/HTML5/Data/Search_Chunk75.xml" />
    <Url
      Source="Output/pwelsh/HTML5/Data/Search_Chunk76.xml" />
    <Url
      Source="Output/pwelsh/HTML5/Data/Search_Chunk77.xml" />
    <Url
      Source="Output/pwelsh/HTML5/Data/Search_Chunk78.xml" />
    <Url
      Source="Output/pwelsh/HTML5/Data/Search_Chunk79.xml" />
    <Url
      Source="Output/pwelsh/HTML5/Data/Search_Chunk80.xml" />
    <Url
      Source="Output/pwelsh/HTML5/Data/Search_Chunk81.xml" />
    <Url
      Source="Output/pwelsh/HTML5/Data/Search_Chunk82.xml" />
    <Url
      Source="Output/pwelsh/HTML5/Data/Search_Chunk83.xml" />
    <Url
      Source="Output/pwelsh/HTML5/Data/Search_Chunk84.xml" />
    <Url
      Source="Output/pwelsh/HTML5/Data/Search_Chunk85.xml" />
    <Url
      Source="Output/pwelsh/HTML5/Data/Search_Chunk86.xml" />
    <Url
      Source="Output/pwelsh/HTML5/Data/Search_Chunk87.xml" />
    <Url
      Source="Output/pwelsh/HTML5/Data/Search_Chunk88.xml" />
    <Url
      Source="Output/pwelsh/HTML5/Data/Search_Chunk89.xml" />
    <Url
      Source="Output/pwelsh/HTML5/ApplicationHelp.mcwebhelp" />
    <Url
      Source="Output/pwelsh/HTML5/Data/HelpSystem.xml" />
    <Url
      Source="Output/pwelsh/HTML5/ApplicationHelp.htm" />
  </Files>
  <Skins />
</CatapultTargetOutput>