<?xml version="1.0" encoding="utf-8"?>
<CatapultTargetOutput
  GeneratedTarget="/Output/pwelsh/HTML5/ApplicationHelp.htm"
  BuildVersion="8.1.1.0"
  AliasFile="/Output/pwelsh/HTML5/Data/Alias.xml">
  <Files>
    <Url
      Source="Output/pwelsh/HTML5/Content/Resources/Stylesheets/StylesHTML5.css" />
    <Url
      Source="Output/pwelsh/HTML5/Data/Glossary.xml" />
    <Url
      Source="Output/pwelsh/HTML5/Content/Resources/Images/bankrtsymbol.gif" />
    <Url
      Source="Output/pwelsh/HTML5/Content/Resources/Images/blankcheck.gif" />
    <Url
      Source="Output/pwelsh/HTML5/Content/Resources/Images/blankcheck_us.gif" />
    <Url
      Source="Output/pwelsh/HTML5/Content/Resources/Images/delivery_wizard.gif" />
    <Url
      Source="Output/pwelsh/HTML5/Content/Resources/Images/delivery_wizard2.gif" />
    <Url
      Source="Output/pwelsh/HTML5/Content/Resources/Images/DR_eSellerate.jpg" />
    <Url
      Source="Output/pwelsh/HTML5/Content/Resources/Images/ews.gif" />
    <Url
      Source="Output/pwelsh/HTML5/Content/Resources/Images/icon.jpg" />
    <Url
      Source="Output/pwelsh/HTML5/Content/Resources/Images/Preview.jpg" />
    <Url
      Source="Output/pwelsh/HTML5/Content/Resources/Images/ShowTags.jpg" />
    <Url
      Source="Output/pwelsh/HTML5/Content/Resources/Images/show_session.gif" />
    <Url
      Source="Output/pwelsh/HTML5/Content/Resources/Stylesheets/Styles.css" />
    <Url
      Source="Output/pwelsh/HTML5/Content/Resources/TableStyles/Rows.css" />
    <Url
      Source="Output/pwelsh/HTML5/Content/Resources/TableStyles/TitlePageTable.css" />
    <Url
      Source="Output/pwelsh/HTML5/Content/Getting_Started.htm" />
    <Url
      Source="Output/pwelsh/HTML5/Content/Available_Products.htm" />
    <Url
      Source="Output/pwelsh/HTML5/Content/My_Products/My_Products.htm" />
    <Url
      Source="Output/pwelsh/HTML5/Content/My_Products/My_Products_Export.htm" />
    <Url
      Source="Output/pwelsh/HTML5/Content/My_Products/My_Products_Web_Service.htm" />
    <Url
      Source="Output/pwelsh/HTML5/Content/My_Products/My_Products_Deleting.htm" />
    <Url
      Source="Output/pwelsh/HTML5/Content/Product_Detail/Product_Detail.htm" />
    <Url
      Source="Output/pwelsh/HTML5/Content/Product_Detail/Product_Detail2.htm" />
    <Url
      Source="Output/pwelsh/HTML5/Content/Product_Detail/Product_Detail_EST.htm" />
    <Url
      Source="Output/pwelsh/HTML5/Content/Product_Detail/Product_Detail_Security.htm" />
    <Url
      Source="Output/pwelsh/HTML5/Content/Product_Detail/Product_Detail_Signing.htm" />
    <Url
      Source="Output/pwelsh/HTML5/Content/Product_Detail/Product_Detail_Verification.htm" />
    <Url
      Source="Output/pwelsh/HTML5/Content/My_Reports/Sales_Reports/SKU_Sales_Date_Range.htm" />
    <Url
      Source="Output/pwelsh/HTML5/Content/My_Reports/Sales_Reports/Sales_Receivable.htm" />
    <Url
      Source="Output/pwelsh/HTML5/Content/My_Reports/Sales_Reports/Hosted_eST_Tracking.htm" />
    <Url
      Source="Output/pwelsh/HTML5/Content/My_Reports/Payment_Reports/Payment_History.htm" />
    <Url
      Source="Output/pwelsh/HTML5/Content/My_Reports/Business_Intel_Reports.htm" />
    <Url
      Source="Output/pwelsh/HTML5/Content/My_Account.htm" />
    <Url
      Source="Output/pwelsh/HTML5/Content/My_Payment_Info/My_Payment_Info.htm" />
    <Url
      Source="Output/pwelsh/HTML5/Content/My_Payment_Info/My_Payment_Info_ACH.htm" />
    <Url
      Source="Output/pwelsh/HTML5/Content/My_Payment_Info/My_Payment_Info_International_ACH.htm" />
    <Url
      Source="Output/pwelsh/HTML5/Content/My_Payment_Info/My_Payment_Info_International_ACH_part2.htm" />
    <Url
      Source="Output/pwelsh/HTML5/Content/My_Payment_Info/My_Payment_Info_International_ACH_part3.htm" />
    <Url
      Source="Output/pwelsh/HTML5/Content/My_Payment_Info/My_Payment_Info_International_ACH_part4.htm" />
    <Url
      Source="Output/pwelsh/HTML5/Content/My_Payment_Info/My_Payment_Info_International_Wire.htm" />
    <Url
      Source="Output/pwelsh/HTML5/Content/My_Payment_Info/My_Payment_Info_Bank_Branch_ID.htm" />
    <Url
      Source="Output/pwelsh/HTML5/Content/My_Payment_Info/My_Payment_Info_SWIFT.htm" />
    <Url
      Source="Output/pwelsh/HTML5/Content/My_Payment_Info/My_Payment_Info_IBAN.htm" />
    <Url
      Source="Output/pwelsh/HTML5/Content/My_Payment_Info/My_Payment_Info_IBAN_Examples.htm" />
    <Url
      Source="Output/pwelsh/HTML5/Content/Title_Page.htm" />
    <Url
      Source="Output/pwelsh/HTML5/Data/Synonyms.xml" />
    <Url
      Source="Output/pwelsh/HTML5/Data/Alias.xml" />
    <Url
      Source="Output/pwelsh/HTML5/Data/Toc.xml" />
    <Url
      Source="Output/pwelsh/HTML5/Data/Index.xml" />
    <Url
      Source="Output/pwelsh/HTML5/Data/Concepts.xml" />
    <Url
      Source="Output/pwelsh/HTML5/Data/Search_Chunk1.xml" />
    <Url
      Source="Output/pwelsh/HTML5/Data/Search_Chunk2.xml" />
    <Url
      Source="Output/pwelsh/HTML5/Data/Search_Chunk3.xml" />
    <Url
      Source="Output/pwelsh/HTML5/Data/Search_Chunk4.xml" />
    <Url
      Source="Output/pwelsh/HTML5/Data/Search_Chunk5.xml" />
    <Url
      Source="Output/pwelsh/HTML5/Data/Search_Chunk6.xml" />
    <Url
      Source="Output/pwelsh/HTML5/Data/Search_Chunk7.xml" />
    <Url
      Source="Output/pwelsh/HTML5/Data/Search_Chunk8.xml" />
    <Url
      Source="Output/pwelsh/HTML5/Data/Search_Chunk9.xml" />
    <Url
      Source="Output/pwelsh/HTML5/Data/Search_Chunk10.xml" />
    <Url
      Source="Output/pwelsh/HTML5/ApplicationHelp.mcwebhelp" />
    <Url
      Source="Output/pwelsh/HTML5/Data/HelpSystem.xml" />
    <Url
      Source="Output/pwelsh/HTML5/ApplicationHelp.htm" />
  </Files>
  <Skins />
</CatapultTargetOutput>